<?xml version="1.0" encoding="UTF-8"?>
<testng-results skipped="0" failed="0" ignored="0" total="1" passed="1">
  <reporter-output>
  </reporter-output>
  <suite name="Command line suite" duration-ms="4513" started-at="2020-01-09T13:09:50 UTC" finished-at="2020-01-09T13:09:54 UTC">
    <groups>
    </groups>
    <test name="Command line test" duration-ms="4513" started-at="2020-01-09T13:09:50 UTC" finished-at="2020-01-09T13:09:54 UTC">
      <class name="intelli.intelli.App">
        <test-method status="PASS" signature="hello()[pri:0, instance:intelli.intelli.App@2a70a3d8]" name="hello" duration-ms="4458" started-at="2020-01-09T13:09:50 UTC" finished-at="2020-01-09T13:09:54 UTC">
          <reporter-output>
          </reporter-output>
        </test-method> <!-- hello -->
      </class> <!-- intelli.intelli.App -->
    </test> <!-- Command line test -->
  </suite> <!-- Command line suite -->
</testng-results>
